[2026-01-21 22:55:18,743] 19 root - INFO - [INIT] Loading preprocessor
[2026-01-21 22:55:18,887] 22 root - INFO - [INIT] Loading trained model
[2026-01-21 22:55:18,892] 25 root - INFO - [INIT] PredictionPipeline initialized successfully
[2026-01-21 22:55:49,704] 47 root - INFO - [PREDICT] Starting inference pipeline
[2026-01-21 22:55:49,705] 52 root - INFO - [PREDICT] Applying preprocessing
[2026-01-21 22:55:49,755] 56 root - INFO - [PREDICT] Generating predictions
[2026-01-21 22:55:49,762] 59 root - INFO - [PREDICT] Inference completed successfully
[2026-01-21 22:56:58,878] 47 root - INFO - [PREDICT] Starting inference pipeline
[2026-01-21 22:56:58,884] 52 root - INFO - [PREDICT] Applying preprocessing
[2026-01-21 22:56:58,927] 56 root - INFO - [PREDICT] Generating predictions
[2026-01-21 22:56:58,933] 59 root - INFO - [PREDICT] Inference completed successfully
[2026-01-21 22:57:09,933] 47 root - INFO - [PREDICT] Starting inference pipeline
[2026-01-21 22:57:09,933] 52 root - INFO - [PREDICT] Applying preprocessing
[2026-01-21 22:57:09,981] 56 root - INFO - [PREDICT] Generating predictions
[2026-01-21 22:57:09,983] 59 root - INFO - [PREDICT] Inference completed successfully
[2026-01-21 22:57:13,455] 47 root - INFO - [PREDICT] Starting inference pipeline
[2026-01-21 22:57:13,455] 52 root - INFO - [PREDICT] Applying preprocessing
[2026-01-21 22:57:13,517] 56 root - INFO - [PREDICT] Generating predictions
[2026-01-21 22:57:13,521] 59 root - INFO - [PREDICT] Inference completed successfully
[2026-01-21 22:58:48,729] 47 root - INFO - [PREDICT] Starting inference pipeline
[2026-01-21 22:58:48,729] 52 root - INFO - [PREDICT] Applying preprocessing
[2026-01-21 22:58:48,779] 56 root - INFO - [PREDICT] Generating predictions
[2026-01-21 22:58:48,787] 59 root - INFO - [PREDICT] Inference completed successfully
[2026-01-21 22:59:03,342] 47 root - INFO - [PREDICT] Starting inference pipeline
[2026-01-21 22:59:03,342] 52 root - INFO - [PREDICT] Applying preprocessing
[2026-01-21 22:59:03,394] 56 root - INFO - [PREDICT] Generating predictions
[2026-01-21 22:59:03,401] 59 root - INFO - [PREDICT] Inference completed successfully
[2026-01-21 23:00:33,918] 47 root - INFO - [PREDICT] Starting inference pipeline
[2026-01-21 23:00:33,918] 52 root - INFO - [PREDICT] Applying preprocessing
[2026-01-21 23:00:33,964] 56 root - INFO - [PREDICT] Generating predictions
[2026-01-21 23:00:33,974] 59 root - INFO - [PREDICT] Inference completed successfully
[2026-01-21 23:00:47,085] 47 root - INFO - [PREDICT] Starting inference pipeline
[2026-01-21 23:00:47,085] 52 root - INFO - [PREDICT] Applying preprocessing
[2026-01-21 23:00:47,142] 56 root - INFO - [PREDICT] Generating predictions
[2026-01-21 23:00:47,146] 59 root - INFO - [PREDICT] Inference completed successfully
