[2026-01-21 21:29:58,881] 19 root - INFO - [INIT] Loading preprocessor
[2026-01-21 21:29:59,067] 22 root - INFO - [INIT] Loading trained model
[2026-01-21 21:29:59,067] 25 root - INFO - [INIT] PredictionPipeline initialized successfully
[2026-01-21 21:30:16,703] 47 root - INFO - [PREDICT] Starting inference pipeline
[2026-01-21 21:30:16,703] 52 root - INFO - [PREDICT] Applying preprocessing
[2026-01-21 21:30:16,741] 56 root - INFO - [PREDICT] Generating predictions
[2026-01-21 21:30:16,741] 59 root - INFO - [PREDICT] Inference completed successfully
[2026-01-21 21:30:17,799] 47 root - INFO - [PREDICT] Starting inference pipeline
[2026-01-21 21:30:17,802] 52 root - INFO - [PREDICT] Applying preprocessing
[2026-01-21 21:30:17,827] 56 root - INFO - [PREDICT] Generating predictions
[2026-01-21 21:30:17,843] 59 root - INFO - [PREDICT] Inference completed successfully
[2026-01-21 21:30:18,265] 47 root - INFO - [PREDICT] Starting inference pipeline
[2026-01-21 21:30:18,265] 52 root - INFO - [PREDICT] Applying preprocessing
[2026-01-21 21:30:18,292] 56 root - INFO - [PREDICT] Generating predictions
[2026-01-21 21:30:18,292] 59 root - INFO - [PREDICT] Inference completed successfully
[2026-01-21 21:30:18,640] 47 root - INFO - [PREDICT] Starting inference pipeline
[2026-01-21 21:30:18,640] 52 root - INFO - [PREDICT] Applying preprocessing
[2026-01-21 21:30:18,651] 56 root - INFO - [PREDICT] Generating predictions
[2026-01-21 21:30:18,651] 59 root - INFO - [PREDICT] Inference completed successfully
[2026-01-21 21:30:18,834] 47 root - INFO - [PREDICT] Starting inference pipeline
[2026-01-21 21:30:18,834] 52 root - INFO - [PREDICT] Applying preprocessing
[2026-01-21 21:30:18,846] 56 root - INFO - [PREDICT] Generating predictions
[2026-01-21 21:30:18,846] 59 root - INFO - [PREDICT] Inference completed successfully
[2026-01-21 21:30:18,979] 47 root - INFO - [PREDICT] Starting inference pipeline
[2026-01-21 21:30:18,980] 52 root - INFO - [PREDICT] Applying preprocessing
[2026-01-21 21:30:18,999] 56 root - INFO - [PREDICT] Generating predictions
[2026-01-21 21:30:19,001] 59 root - INFO - [PREDICT] Inference completed successfully
[2026-01-21 21:30:19,100] 47 root - INFO - [PREDICT] Starting inference pipeline
[2026-01-21 21:30:19,100] 52 root - INFO - [PREDICT] Applying preprocessing
[2026-01-21 21:30:19,140] 56 root - INFO - [PREDICT] Generating predictions
[2026-01-21 21:30:19,140] 59 root - INFO - [PREDICT] Inference completed successfully
[2026-01-21 21:30:19,236] 47 root - INFO - [PREDICT] Starting inference pipeline
[2026-01-21 21:30:19,237] 52 root - INFO - [PREDICT] Applying preprocessing
[2026-01-21 21:30:19,262] 56 root - INFO - [PREDICT] Generating predictions
[2026-01-21 21:30:19,262] 59 root - INFO - [PREDICT] Inference completed successfully
[2026-01-21 21:30:19,369] 47 root - INFO - [PREDICT] Starting inference pipeline
[2026-01-21 21:30:19,369] 52 root - INFO - [PREDICT] Applying preprocessing
[2026-01-21 21:30:19,394] 56 root - INFO - [PREDICT] Generating predictions
[2026-01-21 21:30:19,394] 59 root - INFO - [PREDICT] Inference completed successfully
[2026-01-21 21:30:19,501] 47 root - INFO - [PREDICT] Starting inference pipeline
[2026-01-21 21:30:19,501] 52 root - INFO - [PREDICT] Applying preprocessing
[2026-01-21 21:30:19,526] 56 root - INFO - [PREDICT] Generating predictions
[2026-01-21 21:30:19,542] 59 root - INFO - [PREDICT] Inference completed successfully
[2026-01-21 21:30:19,645] 47 root - INFO - [PREDICT] Starting inference pipeline
[2026-01-21 21:30:19,645] 52 root - INFO - [PREDICT] Applying preprocessing
[2026-01-21 21:30:19,688] 56 root - INFO - [PREDICT] Generating predictions
[2026-01-21 21:30:19,688] 59 root - INFO - [PREDICT] Inference completed successfully
[2026-01-21 21:30:19,763] 47 root - INFO - [PREDICT] Starting inference pipeline
[2026-01-21 21:30:19,763] 52 root - INFO - [PREDICT] Applying preprocessing
[2026-01-21 21:30:19,790] 56 root - INFO - [PREDICT] Generating predictions
[2026-01-21 21:30:19,790] 59 root - INFO - [PREDICT] Inference completed successfully
[2026-01-21 21:30:19,896] 47 root - INFO - [PREDICT] Starting inference pipeline
[2026-01-21 21:30:19,896] 52 root - INFO - [PREDICT] Applying preprocessing
[2026-01-21 21:30:19,916] 56 root - INFO - [PREDICT] Generating predictions
[2026-01-21 21:30:19,918] 59 root - INFO - [PREDICT] Inference completed successfully
[2026-01-21 21:30:20,011] 47 root - INFO - [PREDICT] Starting inference pipeline
[2026-01-21 21:30:20,011] 52 root - INFO - [PREDICT] Applying preprocessing
[2026-01-21 21:30:20,046] 56 root - INFO - [PREDICT] Generating predictions
[2026-01-21 21:30:20,049] 59 root - INFO - [PREDICT] Inference completed successfully
[2026-01-21 21:30:20,149] 47 root - INFO - [PREDICT] Starting inference pipeline
[2026-01-21 21:30:20,150] 52 root - INFO - [PREDICT] Applying preprocessing
[2026-01-21 21:30:20,187] 56 root - INFO - [PREDICT] Generating predictions
[2026-01-21 21:30:20,187] 59 root - INFO - [PREDICT] Inference completed successfully
[2026-01-21 21:30:20,292] 47 root - INFO - [PREDICT] Starting inference pipeline
[2026-01-21 21:30:20,292] 52 root - INFO - [PREDICT] Applying preprocessing
[2026-01-21 21:30:20,302] 56 root - INFO - [PREDICT] Generating predictions
[2026-01-21 21:30:20,302] 59 root - INFO - [PREDICT] Inference completed successfully
[2026-01-21 21:30:20,445] 47 root - INFO - [PREDICT] Starting inference pipeline
[2026-01-21 21:30:20,445] 52 root - INFO - [PREDICT] Applying preprocessing
[2026-01-21 21:30:20,476] 56 root - INFO - [PREDICT] Generating predictions
[2026-01-21 21:30:20,478] 59 root - INFO - [PREDICT] Inference completed successfully
[2026-01-21 21:30:20,576] 47 root - INFO - [PREDICT] Starting inference pipeline
[2026-01-21 21:30:20,576] 52 root - INFO - [PREDICT] Applying preprocessing
[2026-01-21 21:30:20,587] 56 root - INFO - [PREDICT] Generating predictions
[2026-01-21 21:30:20,603] 59 root - INFO - [PREDICT] Inference completed successfully
[2026-01-21 21:36:58,541] 47 root - INFO - [PREDICT] Starting inference pipeline
[2026-01-21 21:36:58,541] 52 root - INFO - [PREDICT] Applying preprocessing
[2026-01-21 21:36:58,567] 56 root - INFO - [PREDICT] Generating predictions
[2026-01-21 21:36:58,572] 59 root - INFO - [PREDICT] Inference completed successfully
[2026-01-21 21:37:06,951] 47 root - INFO - [PREDICT] Starting inference pipeline
[2026-01-21 21:37:06,958] 52 root - INFO - [PREDICT] Applying preprocessing
[2026-01-21 21:37:06,971] 56 root - INFO - [PREDICT] Generating predictions
[2026-01-21 21:37:06,971] 59 root - INFO - [PREDICT] Inference completed successfully
[2026-01-21 21:37:07,849] 47 root - INFO - [PREDICT] Starting inference pipeline
[2026-01-21 21:37:07,849] 52 root - INFO - [PREDICT] Applying preprocessing
[2026-01-21 21:37:07,874] 56 root - INFO - [PREDICT] Generating predictions
[2026-01-21 21:37:07,876] 59 root - INFO - [PREDICT] Inference completed successfully
