[2026-01-21 23:02:02,958] 19 root - INFO - [INIT] Loading preprocessor
[2026-01-21 23:02:03,097] 22 root - INFO - [INIT] Loading trained model
[2026-01-21 23:02:03,102] 25 root - INFO - [INIT] PredictionPipeline initialized successfully
[2026-01-21 23:02:21,168] 47 root - INFO - [PREDICT] Starting inference pipeline
[2026-01-21 23:02:21,168] 52 root - INFO - [PREDICT] Applying preprocessing
[2026-01-21 23:02:21,224] 56 root - INFO - [PREDICT] Generating predictions
[2026-01-21 23:02:21,231] 59 root - INFO - [PREDICT] Inference completed successfully
[2026-01-21 23:02:31,581] 47 root - INFO - [PREDICT] Starting inference pipeline
[2026-01-21 23:02:31,587] 52 root - INFO - [PREDICT] Applying preprocessing
[2026-01-21 23:02:31,637] 56 root - INFO - [PREDICT] Generating predictions
[2026-01-21 23:02:31,644] 59 root - INFO - [PREDICT] Inference completed successfully
[2026-01-21 23:02:41,231] 47 root - INFO - [PREDICT] Starting inference pipeline
[2026-01-21 23:02:41,231] 52 root - INFO - [PREDICT] Applying preprocessing
[2026-01-21 23:02:41,286] 56 root - INFO - [PREDICT] Generating predictions
[2026-01-21 23:02:41,292] 59 root - INFO - [PREDICT] Inference completed successfully
[2026-01-21 23:02:50,353] 47 root - INFO - [PREDICT] Starting inference pipeline
[2026-01-21 23:02:50,353] 52 root - INFO - [PREDICT] Applying preprocessing
[2026-01-21 23:02:50,395] 56 root - INFO - [PREDICT] Generating predictions
[2026-01-21 23:02:50,402] 59 root - INFO - [PREDICT] Inference completed successfully
[2026-01-21 23:03:01,577] 47 root - INFO - [PREDICT] Starting inference pipeline
[2026-01-21 23:03:01,577] 52 root - INFO - [PREDICT] Applying preprocessing
[2026-01-21 23:03:01,627] 56 root - INFO - [PREDICT] Generating predictions
[2026-01-21 23:03:01,633] 59 root - INFO - [PREDICT] Inference completed successfully
[2026-01-21 23:04:52,387] 47 root - INFO - [PREDICT] Starting inference pipeline
[2026-01-21 23:04:52,387] 52 root - INFO - [PREDICT] Applying preprocessing
[2026-01-21 23:04:52,442] 56 root - INFO - [PREDICT] Generating predictions
[2026-01-21 23:04:52,452] 59 root - INFO - [PREDICT] Inference completed successfully
[2026-01-21 23:13:10,927] 47 root - INFO - [PREDICT] Starting inference pipeline
[2026-01-21 23:13:10,927] 52 root - INFO - [PREDICT] Applying preprocessing
[2026-01-21 23:13:10,975] 56 root - INFO - [PREDICT] Generating predictions
[2026-01-21 23:13:10,982] 59 root - INFO - [PREDICT] Inference completed successfully
