[2026-01-21 22:25:39,028] 19 root - INFO - [INIT] Loading preprocessor
[2026-01-21 22:25:39,240] 22 root - INFO - [INIT] Loading trained model
[2026-01-21 22:25:39,242] 25 root - INFO - [INIT] PredictionPipeline initialized successfully
[2026-01-21 22:41:10,517] 47 root - INFO - [PREDICT] Starting inference pipeline
[2026-01-21 22:41:10,517] 52 root - INFO - [PREDICT] Applying preprocessing
[2026-01-21 22:41:10,572] 56 root - INFO - [PREDICT] Generating predictions
[2026-01-21 22:41:10,579] 59 root - INFO - [PREDICT] Inference completed successfully
[2026-01-21 22:41:17,591] 47 root - INFO - [PREDICT] Starting inference pipeline
[2026-01-21 22:41:17,594] 52 root - INFO - [PREDICT] Applying preprocessing
[2026-01-21 22:41:17,656] 56 root - INFO - [PREDICT] Generating predictions
[2026-01-21 22:41:17,660] 59 root - INFO - [PREDICT] Inference completed successfully
[2026-01-21 22:41:19,910] 47 root - INFO - [PREDICT] Starting inference pipeline
[2026-01-21 22:41:19,910] 52 root - INFO - [PREDICT] Applying preprocessing
[2026-01-21 22:41:19,960] 56 root - INFO - [PREDICT] Generating predictions
[2026-01-21 22:41:19,966] 59 root - INFO - [PREDICT] Inference completed successfully
[2026-01-21 22:41:23,046] 47 root - INFO - [PREDICT] Starting inference pipeline
[2026-01-21 22:41:23,046] 52 root - INFO - [PREDICT] Applying preprocessing
[2026-01-21 22:41:23,093] 56 root - INFO - [PREDICT] Generating predictions
[2026-01-21 22:41:23,108] 59 root - INFO - [PREDICT] Inference completed successfully
[2026-01-21 22:41:25,368] 47 root - INFO - [PREDICT] Starting inference pipeline
[2026-01-21 22:41:25,368] 52 root - INFO - [PREDICT] Applying preprocessing
[2026-01-21 22:41:25,420] 56 root - INFO - [PREDICT] Generating predictions
[2026-01-21 22:41:25,423] 59 root - INFO - [PREDICT] Inference completed successfully
[2026-01-21 22:41:31,202] 47 root - INFO - [PREDICT] Starting inference pipeline
[2026-01-21 22:41:31,202] 52 root - INFO - [PREDICT] Applying preprocessing
[2026-01-21 22:41:31,237] 56 root - INFO - [PREDICT] Generating predictions
[2026-01-21 22:41:31,244] 59 root - INFO - [PREDICT] Inference completed successfully
[2026-01-21 22:41:33,187] 47 root - INFO - [PREDICT] Starting inference pipeline
[2026-01-21 22:41:33,187] 52 root - INFO - [PREDICT] Applying preprocessing
[2026-01-21 22:41:33,236] 56 root - INFO - [PREDICT] Generating predictions
[2026-01-21 22:41:33,236] 59 root - INFO - [PREDICT] Inference completed successfully
[2026-01-21 22:41:34,907] 47 root - INFO - [PREDICT] Starting inference pipeline
[2026-01-21 22:41:34,907] 52 root - INFO - [PREDICT] Applying preprocessing
[2026-01-21 22:41:34,956] 56 root - INFO - [PREDICT] Generating predictions
[2026-01-21 22:41:34,963] 59 root - INFO - [PREDICT] Inference completed successfully
[2026-01-21 22:41:38,989] 47 root - INFO - [PREDICT] Starting inference pipeline
[2026-01-21 22:41:38,989] 52 root - INFO - [PREDICT] Applying preprocessing
[2026-01-21 22:41:39,045] 56 root - INFO - [PREDICT] Generating predictions
[2026-01-21 22:41:39,049] 59 root - INFO - [PREDICT] Inference completed successfully
